<?xml version="1.0" encoding="utf-8"?><testsuites name="pytest tests"><testsuite name="pytest" errors="0" failures="0" skipped="0" tests="21" time="10.668" timestamp="2026-06-26T13:53:54.221575+00:00" hostname="agent-env-02aea9d3-cdae-4c44-8577-8d2d9d2c60de"><testcase classname="backend.tests.test_iteration7_features.TestLeaderboard" name="test_global_scope_returns_ranked_entries" time="0.719" /><testcase classname="backend.tests.test_iteration7_features.TestLeaderboard" name="test_monthly_scope" time="0.717" /><testcase classname="backend.tests.test_iteration7_features.TestLeaderboard" name="test_team_scope_requires_auth" time="0.477" /><testcase classname="backend.tests.test_iteration7_features.TestUserProfile" name="test_qa_profile" time="1.000" /><testcase classname="backend.tests.test_iteration7_features.TestUserProfile" name="test_recruiter_profile_xp_zero" time="0.765" /><testcase classname="backend.tests.test_iteration7_features.TestUserProfile" name="test_unknown_user_returns_404" time="0.532" /><testcase classname="backend.tests.test_iteration7_features.TestMCP" name="test_get_manifest_api" time="0.015" /><testcase classname="backend.tests.test_iteration7_features.TestMCP" name="test_get_manifest_alias" time="0.012" /><testcase classname="backend.tests.test_iteration7_features.TestMCP" name="test_jsonrpc_tools_list" time="0.016" /><testcase classname="backend.tests.test_iteration7_features.TestMCP" name="test_tools_call_list_problems" time="0.243" /><testcase classname="backend.tests.test_iteration7_features.TestMCP" name="test_tools_call_get_user_xp" time="0.490" /><testcase classname="backend.tests.test_iteration7_features.TestMCP" name="test_tools_call_get_leaderboard" time="0.478" /><testcase classname="backend.tests.test_iteration7_features.TestWorkflows" name="test_unauth_create_workflow_401" time="0.019" /><testcase classname="backend.tests.test_iteration7_features.TestWorkflows" name="test_unauth_list_workflows_401" time="0.012" /><testcase classname="backend.tests.test_iteration7_features.TestWorkflows" name="test_workflow_full_crud_run" time="4.089" /><testcase classname="backend.tests.test_iteration7_features.TestGitHub" name="test_webhook_ping" time="0.250" /><testcase classname="backend.tests.test_iteration7_features.TestGitHub" name="test_queue_run_unauth" time="0.012" /><testcase classname="backend.tests.test_iteration7_features.TestGitHub" name="test_queue_run_superadmin" time="0.713" /><testcase classname="backend.tests.test_iteration7_features.TestSubmissionXPCodepath" name="test_award_xp_exists_in_submissions" time="0.000" /><testcase classname="backend.tests.test_iteration7_features.TestFaceMfaCleanup" name="test_face_auth_service_deleted" time="0.000" /><testcase classname="backend.tests.test_iteration7_features.TestFaceMfaCleanup" name="test_no_imports_of_face_auth" time="0.010" /></testsuite></testsuites>