<?xml version="1.0" encoding="utf-8"?><testsuites name="pytest tests"><testsuite name="pytest" errors="0" failures="0" skipped="0" tests="9" time="36.814" timestamp="2026-06-26T14:31:18.200966+00:00" hostname="agent-env-02aea9d3-cdae-4c44-8577-8d2d9d2c60de"><testcase classname="backend.tests.test_iteration8_features.TestLocalExecutor" name="test_two_sum_accepted_via_local_executor" time="4.865" /><testcase classname="backend.tests.test_iteration8_features.TestLocalExecutor" name="test_idempotent_xp_no_double_award" time="4.987" /><testcase classname="backend.tests.test_iteration8_features.TestLocalExecutor" name="test_first_blood_bonus_for_fresh_user" time="5.846" /><testcase classname="backend.tests.test_iteration8_features.TestServerSecrets" name="test_get_includes_piston_url_and_github_flag" time="5.547" /><testcase classname="backend.tests.test_iteration8_features.TestServerSecrets" name="test_invalid_piston_url_falls_back_to_local" time="4.225" /><testcase classname="backend.tests.test_iteration8_features.TestGithubPrWebhook" name="test_pr_opened_enqueues" time="1.416" /><testcase classname="backend.tests.test_iteration8_features.TestGithubPrWebhook" name="test_pr_closed_does_not_enqueue" time="0.938" /><testcase classname="backend.tests.test_iteration8_features.TestGithubPrWebhook" name="test_queue_run_processes_pr_row" time="4.349" /><testcase classname="backend.tests.test_iteration8_features.TestWorkflowsCron" name="test_patch_persists_cron_expression" time="4.490" /></testsuite></testsuites>