<?xml version="1.0" encoding="utf-8"?><testsuites name="pytest tests"><testsuite name="pytest" errors="0" failures="0" skipped="0" tests="19" time="44.662" timestamp="2026-06-26T15:13:35.654976+00:00" hostname="agent-env-02aea9d3-cdae-4c44-8577-8d2d9d2c60de"><testcase classname="backend.tests.test_phase10_qr_hackathons.TestIdCard" name="test_id_card_requires_auth" time="2.242" /><testcase classname="backend.tests.test_phase10_qr_hackathons.TestIdCard" name="test_superadmin_id_card_admin_variant" time="2.519" /><testcase classname="backend.tests.test_phase10_qr_hackathons.TestIdCard" name="test_id_card_idempotent_token" time="3.299" /><testcase classname="backend.tests.test_phase10_qr_hackathons.TestIdCard" name="test_recruiter_variant_separate_token" time="4.960" /><testcase classname="backend.tests.test_phase10_qr_hackathons.TestQrResolver" name="test_qr_resolves_admin_token" time="2.709" /><testcase classname="backend.tests.test_phase10_qr_hackathons.TestQrResolver" name="test_qr_invalid_returns_404" time="0.579" /><testcase classname="backend.tests.test_phase10_qr_hackathons.TestHackathonCRUD" name="test_create_unauth_401" time="0.014" /><testcase classname="backend.tests.test_phase10_qr_hackathons.TestHackathonCRUD" name="test_create_user_forbidden_403" time="1.360" /><testcase classname="backend.tests.test_phase10_qr_hackathons.TestHackathonCRUD" name="test_create_superadmin_201" time="0.984" /><testcase classname="backend.tests.test_phase10_qr_hackathons.TestHackathonCRUD" name="test_caps_clamped" time="1.180" /><testcase classname="backend.tests.test_phase10_qr_hackathons.TestHackathonCRUD" name="test_list_returns_created" time="0.716" /><testcase classname="backend.tests.test_phase10_qr_hackathons.TestHackathonCRUD" name="test_get_by_slug" time="0.813" /><testcase classname="backend.tests.test_phase10_qr_hackathons.TestTeamRegistration" name="test_register_team_success" time="1.755" /><testcase classname="backend.tests.test_phase10_qr_hackathons.TestTeamRegistration" name="test_double_registration_409" time="1.301" /><testcase classname="backend.tests.test_phase10_qr_hackathons.TestTeamRegistration" name="test_qr_resolves_team" time="0.814" /><testcase classname="backend.tests.test_phase10_qr_hackathons.TestTeamRegistration" name="test_patch_team_xp_achievement_submission" time="2.327" /><testcase classname="backend.tests.test_phase10_qr_hackathons.TestTeamRegistration" name="test_patch_team_forbidden_for_user" time="1.394" /><testcase classname="backend.tests.test_phase10_qr_hackathons.TestCapacityAndDelete" name="test_capacity_full_409" time="7.702" /><testcase classname="backend.tests.test_phase10_qr_hackathons.TestCapacityAndDelete" name="test_delete_with_team_409_then_ok" time="7.833" /></testsuite></testsuites>