<?xml version="1.0" encoding="utf-8"?><testsuites name="pytest tests"><testsuite name="pytest" errors="0" failures="0" skipped="0" tests="14" time="13.636" timestamp="2026-06-26T16:23:26.375879+00:00" hostname="agent-env-02aea9d3-cdae-4c44-8577-8d2d9d2c60de"><testcase classname="backend.tests.test_phase11_certs_audit.TestCatalog" name="test_catalog_seeded_six_modules" time="0.492" /><testcase classname="backend.tests.test_phase11_certs_audit.TestCatalog" name="test_filter_by_category_skill" time="0.478" /><testcase classname="backend.tests.test_phase11_certs_audit.TestCatalog" name="test_question_field_not_leaked_in_catalog" time="0.480" /><testcase classname="backend.tests.test_phase11_certs_audit.TestStartAttempt" name="test_start_requires_auth" time="0.039" /><testcase classname="backend.tests.test_phase11_certs_audit.TestStartAttempt" name="test_start_returns_questions_no_answer_leak" time="1.828" /><testcase classname="backend.tests.test_phase11_certs_audit.TestStartAttempt" name="test_start_is_idempotent_within_24h" time="1.942" /><testcase classname="backend.tests.test_phase11_certs_audit.TestSubmit" name="test_submit_correct_answers_passes" time="2.652" /><testcase classname="backend.tests.test_phase11_certs_audit.TestSubmit" name="test_submit_wrong_answers_fail_no_verify_token" time="2.639" /><testcase classname="backend.tests.test_phase11_certs_audit.TestMe" name="test_me_returns_attempts" time="0.950" /><testcase classname="backend.tests.test_phase11_certs_audit.TestVerify" name="test_verify_valid_token" time="0.267" /><testcase classname="backend.tests.test_phase11_certs_audit.TestVerify" name="test_verify_invalid_token" time="0.012" /><testcase classname="backend.tests.test_phase11_certs_audit.TestAudit" name="test_audit_requires_auth" time="0.010" /><testcase classname="backend.tests.test_phase11_certs_audit.TestAudit" name="test_audit_non_admin_403" time="0.478" /><testcase classname="backend.tests.test_phase11_certs_audit.TestAudit" name="test_audit_superadmin_ok_embedded_mode" time="1.283" /></testsuite></testsuites>