<?xml version="1.0" encoding="utf-8"?><testsuites name="pytest tests"><testsuite name="pytest" errors="0" failures="1" skipped="0" tests="29" time="133.729" timestamp="2026-06-26T12:01:44.556976+00:00" hostname="agent-env-02aea9d3-cdae-4c44-8577-8d2d9d2c60de"><testcase classname="backend.tests.backend_test.TestPublicSurface" name="test_assessment_page_loads" time="3.044" /><testcase classname="backend.tests.backend_test.TestPublicSurface" name="test_internal_ai_not_exposed_publicly" time="0.154" /><testcase classname="backend.tests.backend_test.TestPublicSurface" name="test_proxy_health" time="0.002" /><testcase classname="backend.tests.backend_test.TestAuth" name="test_signin_seed_user" time="3.256" /><testcase classname="backend.tests.backend_test.TestInternalAI" name="test_complete_text" time="1.000" /><testcase classname="backend.tests.backend_test.TestInternalAI" name="test_chat_stream_sse" time="1.699" /><testcase classname="backend.tests.backend_test.TestInternalAI" name="test_hints_l1" time="4.415" /><testcase classname="backend.tests.backend_test.TestInternalAI" name="test_code_analysis" time="4.303" /><testcase classname="backend.tests.backend_test.TestInternalAI" name="test_grade" time="7.525" /><testcase classname="backend.tests.backend_test.TestInternalAI" name="test_code_review" time="11.637" /><testcase classname="backend.tests.backend_test.TestInternalAI" name="test_agent_one_step" time="2.801" /><testcase classname="backend.tests.backend_test.TestAIRoutesAuthed" name="test_chat_post_streams" time="4.488" /><testcase classname="backend.tests.backend_test.TestAIRoutesAuthed" name="test_chat_get_sessions" time="0.725" /><testcase classname="backend.tests.backend_test.TestAIRoutesAuthed" name="test_hints_proxy" time="3.506" /><testcase classname="backend.tests.backend_test.TestAIRoutesAuthed" name="test_code_review_proxy" time="12.888" /><testcase classname="backend.tests.backend_test.TestAIRoutesAuthed" name="test_code_analysis_proxy" time="7.349" /><testcase classname="backend.tests.backend_test.TestAIRoutesAuthed" name="test_grade_proxy" time="12.613" /><testcase classname="backend.tests.backend_test.TestAIRoutesAuthed" name="test_agent_proxy" time="5.698" /><testcase classname="backend.tests.backend_test.TestAIRoutesAuthed" name="test_generate_problem_forbidden_for_non_admin" time="15.015"><failure message="requests.exceptions.ReadTimeout: HTTPConnectionPool(host='localhost', port=3000): Read timed out. (read timeout=15)">/root/.venv/lib/python3.11/site-packages/urllib3/connectionpool.py:534: in _make_request
    response = conn.getresponse()
               ^^^^^^^^^^^^^^^^^^
/root/.venv/lib/python3.11/site-packages/urllib3/connection.py:571: in getresponse
    httplib_response = super().getresponse()
                       ^^^^^^^^^^^^^^^^^^^^^
/usr/local/lib/python3.11/http/client.py:1415: in getresponse
    response.begin()
/usr/local/lib/python3.11/http/client.py:330: in begin
    version, status, reason = self._read_status()
                              ^^^^^^^^^^^^^^^^^^^
/usr/local/lib/python3.11/http/client.py:291: in _read_status
    line = str(self.fp.readline(_MAXLINE + 1), "iso-8859-1")
               ^^^^^^^^^^^^^^^^^^^^^^^^^^^^^^
/usr/local/lib/python3.11/socket.py:718: in readinto
    return self._sock.recv_into(b)
           ^^^^^^^^^^^^^^^^^^^^^^^
E   TimeoutError: timed out

The above exception was the direct cause of the following exception:
/root/.venv/lib/python3.11/site-packages/requests/adapters.py:696: in send
    resp = conn.urlopen(
/root/.venv/lib/python3.11/site-packages/urllib3/connectionpool.py:842: in urlopen
    retries = retries.increment(
/root/.venv/lib/python3.11/site-packages/urllib3/util/retry.py:498: in increment
    raise reraise(type(error), error, _stacktrace)
          ^^^^^^^^^^^^^^^^^^^^^^^^^^^^^^^^^^^^^^^^
/root/.venv/lib/python3.11/site-packages/urllib3/util/util.py:39: in reraise
    raise value
/root/.venv/lib/python3.11/site-packages/urllib3/connectionpool.py:788: in urlopen
    response = self._make_request(
/root/.venv/lib/python3.11/site-packages/urllib3/connectionpool.py:536: in _make_request
    self._raise_timeout(err=e, url=url, timeout_value=read_timeout)
/root/.venv/lib/python3.11/site-packages/urllib3/connectionpool.py:367: in _raise_timeout
    raise ReadTimeoutError(
E   urllib3.exceptions.ReadTimeoutError: HTTPConnectionPool(host='localhost', port=3000): Read timed out. (read timeout=15)

During handling of the above exception, another exception occurred:
backend/tests/backend_test.py:327: in test_generate_problem_forbidden_for_non_admin
    r = auth_session.post(
/root/.venv/lib/python3.11/site-packages/requests/sessions.py:712: in post
    return self.request("POST", url, data=data, json=json, **kwargs)
           ^^^^^^^^^^^^^^^^^^^^^^^^^^^^^^^^^^^^^^^^^^^^^^^^^^^^^^^^^
/root/.venv/lib/python3.11/site-packages/requests/sessions.py:651: in request
    resp = self.send(prep, **send_kwargs)
           ^^^^^^^^^^^^^^^^^^^^^^^^^^^^^^
/root/.venv/lib/python3.11/site-packages/requests/sessions.py:784: in send
    r = adapter.send(request, **kwargs)
        ^^^^^^^^^^^^^^^^^^^^^^^^^^^^^^^
/root/.venv/lib/python3.11/site-packages/requests/adapters.py:742: in send
    raise ReadTimeout(e, request=request)
E   requests.exceptions.ReadTimeout: HTTPConnectionPool(host='localhost', port=3000): Read timed out. (read timeout=15)</failure></testcase><testcase classname="backend.tests.backend_test.TestAIRoutesAuthed" name="test_proctor_events" time="3.488" /><testcase classname="backend.tests.backend_test.TestAIRoutesAuthed" name="test_skills_analytics" time="3.536" /><testcase classname="backend.tests.backend_test.TestAIRoutesAuthed" name="test_identity_verify_endpoint_exists" time="3.085" /><testcase classname="backend.tests.backend_test.TestBilling" name="test_billing_me_returns_plans_and_unconfigured_flag" time="5.563" /><testcase classname="backend.tests.backend_test.TestBilling" name="test_billing_me_requires_auth" time="0.016" /><testcase classname="backend.tests.backend_test.TestBilling" name="test_create_order_returns_503_when_not_configured" time="4.336" /><testcase classname="backend.tests.backend_test.TestBilling" name="test_verify_rejects_bad_signature" time="3.353" /><testcase classname="backend.tests.backend_test.TestBilling" name="test_webhook_rejects_invalid_signature" time="0.841" /><testcase classname="backend.tests.backend_test.TestDailyChallenge" name="test_daily_challenge_shape" time="4.916" /><testcase classname="backend.tests.backend_test.TestDailyChallenge" name="test_daily_challenge_deterministic" time="1.917" /></testsuite></testsuites>