<?xml version="1.0" encoding="utf-8"?><testsuites name="pytest tests"><testsuite name="pytest" errors="0" failures="0" skipped="0" tests="29" time="71.131" timestamp="2026-06-26T00:27:31.151431+00:00" hostname="agent-env-02aea9d3-cdae-4c44-8577-8d2d9d2c60de"><testcase classname="backend.tests.backend_test.TestPublicSurface" name="test_assessment_page_loads" time="0.154" /><testcase classname="backend.tests.backend_test.TestPublicSurface" name="test_internal_ai_not_exposed_publicly" time="0.195" /><testcase classname="backend.tests.backend_test.TestPublicSurface" name="test_proxy_health" time="0.003" /><testcase classname="backend.tests.backend_test.TestAuth" name="test_signin_seed_user" time="0.144" /><testcase classname="backend.tests.backend_test.TestInternalAI" name="test_complete_text" time="1.352" /><testcase classname="backend.tests.backend_test.TestInternalAI" name="test_chat_stream_sse" time="1.576" /><testcase classname="backend.tests.backend_test.TestInternalAI" name="test_hints_l1" time="3.485" /><testcase classname="backend.tests.backend_test.TestInternalAI" name="test_code_analysis" time="4.702" /><testcase classname="backend.tests.backend_test.TestInternalAI" name="test_grade" time="6.492" /><testcase classname="backend.tests.backend_test.TestInternalAI" name="test_code_review" time="12.504" /><testcase classname="backend.tests.backend_test.TestInternalAI" name="test_agent_one_step" time="2.614" /><testcase classname="backend.tests.backend_test.TestAIRoutesAuthed" name="test_chat_post_streams" time="1.114" /><testcase classname="backend.tests.backend_test.TestAIRoutesAuthed" name="test_chat_get_sessions" time="0.023" /><testcase classname="backend.tests.backend_test.TestAIRoutesAuthed" name="test_hints_proxy" time="0.521" /><testcase classname="backend.tests.backend_test.TestAIRoutesAuthed" name="test_code_review_proxy" time="11.112" /><testcase classname="backend.tests.backend_test.TestAIRoutesAuthed" name="test_code_analysis_proxy" time="3.373" /><testcase classname="backend.tests.backend_test.TestAIRoutesAuthed" name="test_grade_proxy" time="8.768" /><testcase classname="backend.tests.backend_test.TestAIRoutesAuthed" name="test_agent_proxy" time="5.131" /><testcase classname="backend.tests.backend_test.TestAIRoutesAuthed" name="test_generate_problem_forbidden_for_non_admin" time="0.589" /><testcase classname="backend.tests.backend_test.TestAIRoutesAuthed" name="test_proctor_events" time="1.367" /><testcase classname="backend.tests.backend_test.TestAIRoutesAuthed" name="test_skills_analytics" time="0.638" /><testcase classname="backend.tests.backend_test.TestAIRoutesAuthed" name="test_identity_verify_endpoint_exists" time="0.642" /><testcase classname="backend.tests.backend_test.TestBilling" name="test_billing_me_returns_plans_and_unconfigured_flag" time="1.531" /><testcase classname="backend.tests.backend_test.TestBilling" name="test_billing_me_requires_auth" time="0.013" /><testcase classname="backend.tests.backend_test.TestBilling" name="test_create_order_returns_503_when_not_configured" time="0.719" /><testcase classname="backend.tests.backend_test.TestBilling" name="test_verify_rejects_bad_signature" time="0.684" /><testcase classname="backend.tests.backend_test.TestBilling" name="test_webhook_rejects_invalid_signature" time="0.630" /><testcase classname="backend.tests.backend_test.TestDailyChallenge" name="test_daily_challenge_shape" time="0.732" /><testcase classname="backend.tests.backend_test.TestDailyChallenge" name="test_daily_challenge_deterministic" time="0.039" /></testsuite></testsuites>